<?xml version="1.0" encoding="UTF-8" ?>
<testsuite errors="1" failures="0" hostname="bicho" name="mapaadmin.MapaAdminViewTest" tests="1" time="0.168" timestamp="2009-05-01T00:07:48">
  <properties>
    <property name="java.runtime.name" value="Java(TM) SE Runtime Environment" />
    <property name="sun.boot.library.path" value="/usr/lib/jvm/java-6-sun-1.6.0.13/jre/lib/i386" />
    <property name="java.vm.version" value="11.3-b02" />
    <property name="java.vm.vendor" value="Sun Microsystems Inc." />
    <property name="java.vendor.url" value="http://java.sun.com/" />
    <property name="path.separator" value=":" />
    <property name="java.vm.name" value="Java HotSpot(TM) Server VM" />
    <property name="file.encoding.pkg" value="sun.io" />
    <property name="user.country" value="CO" />
    <property name="sun.java.launcher" value="SUN_STANDARD" />
    <property name="sun.os.patch.level" value="unknown" />
    <property name="java.vm.specification.name" value="Java Virtual Machine Specification" />
    <property name="user.dir" value="/home/David Acosta/NetBeansProjects/MapaAdmin" />
    <property name="java.runtime.version" value="1.6.0_13-b03" />
    <property name="java.awt.graphicsenv" value="sun.awt.X11GraphicsEnvironment" />
    <property name="java.endorsed.dirs" value="/usr/lib/jvm/java-6-sun-1.6.0.13/jre/lib/endorsed" />
    <property name="os.arch" value="i386" />
    <property name="java.io.tmpdir" value="/tmp" />
    <property name="line.separator" value="
" />
    <property name="java.vm.specification.vendor" value="Sun Microsystems Inc." />
    <property name="os.name" value="Linux" />
    <property name="sun.jnu.encoding" value="UTF-8" />
    <property name="java.library.path" value="/usr/lib/jvm/java-6-sun-1.6.0.13/jre/lib/i386/server:/usr/lib/jvm/java-6-sun-1.6.0.13/jre/lib/i386:/usr/lib/jvm/java-6-sun-1.6.0.13/jre/../lib/i386:/usr/lib/jvm/java-6-sun-1.6.0.13/jre/lib/i386/client:/usr/lib/jvm/java-6-sun-1.6.0.13/jre/lib/i386:/usr/lib/jvm/java-6-sun-1.6.0.13/jre/../lib/i386:/usr/java/packages/lib/i386:/lib:/usr/lib" />
    <property name="java.specification.name" value="Java Platform API Specification" />
    <property name="java.class.version" value="50.0" />
    <property name="sun.management.compiler" value="HotSpot Tiered Compilers" />
    <property name="os.version" value="2.6.28-11-generic" />
    <property name="user.home" value="/home/David Acosta" />
    <property name="user.timezone" value="" />
    <property name="java.awt.printerjob" value="sun.print.PSPrinterJob" />
    <property name="file.encoding" value="UTF-8" />
    <property name="java.specification.version" value="1.6" />
    <property name="user.name" value="David Acosta" />
    <property name="java.class.path" value="/usr/local/netbeans-6.5.1/java2/ant/patches/72080.jar:/usr/local/netbeans-6.5.1/java2/ant/patches/ant-42275.jar:/usr/local/netbeans-6.5.1/java2/ant/lib/ant.jar:/usr/local/netbeans-6.5.1/java2/ant/lib/ant-junit.jar:/usr/local/netbeans-6.5.1/java2/modules/ext/appframework-1.0.3.jar:/usr/local/netbeans-6.5.1/java2/modules/ext/swing-worker-1.1.jar:/usr/local/netbeans-6.5.1/java2/modules/ext/beansbinding-1.2.1.jar:/usr/local/netbeans-6.5.1/java2/modules/ext/toplink/toplink-essentials.jar:/usr/local/netbeans-6.5.1/java2/modules/ext/toplink/toplink-essentials-agent.jar:/usr/local/netbeans-6.5.1/ide10/modules/ext/postgresql-8.3-603.jdbc3.jar:/home/David Acosta/NetBeansProjects/MapaAdmin/build/classes:/home/David Acosta/NetBeansProjects/MapaAdmin/src:/usr/local/netbeans-6.5.1/platform9/modules/ext/junit-4.5.jar:/home/David Acosta/NetBeansProjects/MapaAdmin/build/test/classes:/home/David Acosta/NetBeansProjects/MapaAdmin/test" />
    <property name="java.vm.specification.version" value="1.0" />
    <property name="sun.arch.data.model" value="32" />
    <property name="java.home" value="/usr/lib/jvm/java-6-sun-1.6.0.13/jre" />
    <property name="java.specification.vendor" value="Sun Microsystems Inc." />
    <property name="user.language" value="es" />
    <property name="java.vm.info" value="mixed mode" />
    <property name="java.version" value="1.6.0_13" />
    <property name="java.ext.dirs" value="/usr/lib/jvm/java-6-sun-1.6.0.13/jre/lib/ext:/usr/java/packages/lib/ext" />
    <property name="sun.boot.class.path" value="/usr/lib/jvm/java-6-sun-1.6.0.13/jre/lib/resources.jar:/usr/lib/jvm/java-6-sun-1.6.0.13/jre/lib/rt.jar:/usr/lib/jvm/java-6-sun-1.6.0.13/jre/lib/sunrsasign.jar:/usr/lib/jvm/java-6-sun-1.6.0.13/jre/lib/jsse.jar:/usr/lib/jvm/java-6-sun-1.6.0.13/jre/lib/jce.jar:/usr/lib/jvm/java-6-sun-1.6.0.13/jre/lib/charsets.jar:/usr/lib/jvm/java-6-sun-1.6.0.13/jre/classes" />
    <property name="java.vendor" value="Sun Microsystems Inc." />
    <property name="file.separator" value="/" />
    <property name="java.vendor.url.bug" value="http://java.sun.com/cgi-bin/bugreport.cgi" />
    <property name="sun.cpu.endian" value="little" />
    <property name="sun.io.unicode.encoding" value="UnicodeLittle" />
    <property name="sun.desktop" value="gnome" />
    <property name="sun.cpu.isalist" value="" />
  </properties>
  <testcase classname="mapaadmin.MapaAdminViewTest" name="testIsSaveNeeded" time="0.019">
    <error type="java.lang.NullPointerException">java.lang.NullPointerException
	at mapaadmin.MapaAdminViewTest.testIsSaveNeeded(MapaAdminViewTest.java:49)
</error>
  </testcase>
  <system-out><![CDATA[isSaveNeeded
]]></system-out>
  <system-err><![CDATA[]]></system-err>
</testsuite>
